# Bundle file v0.3
11 247
0 0 0
0 0 0
0 0 0
0 0 0
0 0 0
0 0 0
0 0 0
0 0 0
0 0 0
0 0 0
6.5488296113e+02 -1.4970235789e-02 -3.6360353819e-02
9.4507326816e-01 -1.0949145566e-01 3.0797425048e-01
8.7416219837e-02 9.9257064783e-01 8.4628089731e-02
-3.1495225404e-01 -5.3057800556e-02 9.4762331518e-01
9.6417424257e-01 1.3390644872e-01 -4.2581676730e-01
6.6035717139e+02 -3.7534479808e-02 2.4848618396e-02
9.9991778844e-01 -2.8468550053e-03 -1.2502471028e-02
2.7494153666e-03 9.9996576923e-01 -7.8039150963e-03
1.2524259674e-02 7.7688990383e-03 9.9989138767e-01
-3.7986814440e-02 -2.3498678093e-02 4.2436337206e-02
6.7326588454e+02 -7.3024922264e-02 5.0195701766e-03
9.3878684079e-01 1.6180379061e-01 -3.0413615520e-01
-1.5227593317e-01 9.8680881650e-01 5.4958164643e-02
3.0901667873e-01 -5.2813849187e-03 9.5104195451e-01
-8.6694905087e-01 7.7784728274e-02 5.2083110331e-01
0 0 0
0 0 0
0 0 0
0 0 0
0 0 0
0 0 0
0 0 0
0 0 0
0 0 0
0 0 0
0 0 0
0 0 0
0 0 0
0 0 0
0 0 0
0 0 0
0 0 0
0 0 0
0 0 0
0 0 0
0 0 0
0 0 0
0 0 0
0 0 0
0 0 0
0 0 0
0 0 0
0 0 0
0 0 0
0 0 0
-5.5734993182e-01 5.9626164677e-01 -3.4314308925e+00
135 189 173
3 3 62 -107.3700 116.3400 4 36 -57.6000 129.9000 2 53 -126.9000 70.7900
-3.2200767483e-01 8.1774331427e-02 -3.0176278277e+00
210 207 200
3 3 168 -71.0100 17.9400 4 127 -65.7200 10.9000 2 190 -57.5400 -13.3100
-3.4729785913e-01 1.3102927511e-02 -3.0247037987e+00
207 208 202
2 3 410 -76.8400 3.2900 4 475 -74.0400 -6.6500
-2.9081538666e-01 6.5609387318e-01 -3.5574171505e+00
206 94 130
2 3 442 -53.7500 123.4300 4 271 11.0000 130.6700
2.8779533040e-01 7.6377583262e-01 -2.7758946094e+00
208 220 220
3 3 189 68.6100 184.3600 4 104 121.4600 208.0700 2 211 60.9100 140.2600
-3.4245726103e-01 -7.7988780068e-02 -3.0310181714e+00
23 23 21
3 3 401 -75.5800 -17.3200 4 345 -76.0800 -31.1000 2 333 -58.4200 -47.1400
-2.9607924365e-01 -4.7761591680e-02 -2.9875662642e+00
23 22 24
3 3 561 -66.4700 -11.1000 4 460 -67.9800 -24.3200 2 339 -47.6400 -40.0900
-2.9607924365e-01 -4.7761591680e-02 -2.9875662642e+00
23 22 24
3 3 560 -66.4700 -11.1000 4 459 -67.9800 -24.3200 2 338 -47.6400 -40.0900
-3.1117941713e-01 1.2580066412e-02 -2.9945521214e+00
213 215 209
3 3 409 -69.7000 2.7300 4 355 -68.3900 -7.9700 2 348 -52.4800 -27.2800
-2.6343850566e-01 -4.5380647197e-03 -2.9549038879e+00
204 212 204
3 3 570 -60.0000 -1.2700 4 469 -61.3600 -14.1800 2 522 -40.4900 -29.5900
7.3013065847e-01 -7.8424781193e-02 -2.5217641918e+00
205 225 223
3 3 305 192.9100 -21.6300 4 172 231.1200 -100.1800 2 247 190.6500 -20.6000
-1.2701778876e-01 4.6348311383e-01 -3.1441690474e+00
190 221 179
2 3 596 -27.0200 98.9900 4 516 12.0300 102.0200
-1.2701778876e-01 4.6348311383e-01 -3.1441690474e+00
190 221 179
2 3 595 -27.0200 98.9900 4 515 12.0300 102.0200
-1.8439437459e-01 -1.8147721250e-01 -2.9125196717e+00
206 212 212
3 3 702 -43.1900 -41.5200 4 628 -53.4000 -69.0300 2 659 -18.2200 -64.0500
-3.3161040961e-01 -4.1874953242e-03 -3.0182637902e+00
21 20 22
2 3 572 -73.5100 -1.0400 4 472 -71.6000 -11.5100
-3.0865091459e-01 -1.1240074211e-02 -3.0007683268e+00
26 24 27
3 3 567 -69.0700 -2.6300 4 468 -68.0600 -14.4800 2 519 -51.6600 -32.3700
-2.9836821060e-01 1.8923246432e-03 -2.9884333566e+00
206 205 202
3 3 995 -66.8200 0.1700 4 909 -66.3800 -11.2600 2 705 -49.4700 -29.1400
7.3260158685e-01 -5.4277027309e-02 -2.5184207706e+00
74 62 57
2 3 308 193.7700 -14.8500 4 177 233.7500 -91.3800
-2.6782332323e-01 -2.9159228237e-01 -2.9724883990e+00
217 34 24
3 3 681 -59.1800 -66.4100 4 851 -74.0000 -93.2000 2 845 -36.4700 -89.4500
7.5424978345e-01 -6.6134866604e-02 -2.4892208990e+00
195 219 214
3 3 400 201.9000 -18.5600 4 251 242.4500 -98.6000 2 528 198.7000 -16.5300
-2.6884726256e-01 1.1668501124e-01 -2.9519809086e+00
71 38 22
3 3 169 -61.4600 26.1300 4 92 -57.4200 20.4900 2 133 -43.9800 -5.0800
3.3762168762e-01 7.8501247278e-01 -2.7438006284e+00
215 224 225
3 3 147 80.9000 191.8300 4 75 137.8000 217.0800 2 156 72.8400 147.4100
-3.7765368992e-01 -1.3708778588e-01 -3.0563482736e+00
212 189 53
3 3 547 -82.2500 -30.0400 4 642 -84.4000 -44.2700 2 327 -65.1800 -61.3700
3.8194219969e-01 8.5043847507e-02 -2.8693138895e+00
87 76 19
3 3 314 89.0600 20.4200 4 188 121.2900 -17.7300 2 361 86.3800 1.7000
-5.9278273597e-01 6.6814691902e-01 -3.4320272979e+00
201 112 134
3 3 1066 -114.8800 130.4800 4 208 -62.1400 144.9800 2 748 -134.5300 85.4500
7.6039188235e-01 -4.8937069804e-02 -2.4915621090e+00
74 65 64
2 3 402 203.3000 -13.7400 4 175 246.2000 -92.0900
7.6039188235e-01 -4.8937069804e-02 -2.4915621090e+00
74 65 64
2 3 403 203.3000 -13.7400 4 176 246.2000 -92.0900
-5.2674048820e-02 5.0963349749e-01 -2.8288320934e+00
192 160 171
2 3 1061 -13.4600 120.3100 4 989 8.1200 132.9800
6.1728764812e-01 4.7147331898e-01 -2.4944551781e+00
225 239 239
3 3 802 164.1100 126.2400 4 373 219.3800 124.9600 2 751 158.2000 96.9800
4.6234361652e-01 5.3786415850e-01 -2.6538217622e+00
228 243 250
3 3 608 115.4000 135.7100 4 274 165.4300 140.6600 2 755 110.2900 101.7400
7.8155960313e-01 3.0100429079e-01 -2.5012947804e+00
209 222 219
2 3 592 208.0800 80.5700 4 197 277.6900 48.5100
3.1650383771e-01 7.3517162092e-01 -2.8299661355e+00
93 90 74
3 3 145 73.3100 173.0300 4 59 132.0800 193.3400 2 207 62.9200 131.5400
3.7276513235e-01 4.5244690149e-02 -2.8694688666e+00
191 232 94
3 3 313 86.8100 10.9400 4 186 116.4100 -29.5700 2 253 85.7500 -6.6700
6.4341534007e-01 -3.0180111578e-01 -2.6323046314e+00
178 204 203
3 3 381 162.8900 -77.0900 4 155 182.7700 -172.9100 2 321 167.3500 -70.2100
6.1497710702e-01 -2.6891924578e-01 -2.6558754890e+00
21 27 28
3 3 297 154.3200 -67.5700 4 231 174.5700 -157.7400 2 325 158.4300 -63.4900
7.3257786000e-01 -5.3956016031e-02 -2.5184441909e+00
74 62 57
3 3 309 193.7700 -14.8500 4 178 233.7500 -91.3800 2 353 190.6500 -14.4400
7.5347940857e-01 2.7993820406e-01 -2.5155430779e+00
210 227 224
3 3 320 199.1600 74.4300 4 131 264.1000 40.7600 2 382 186.1100 56.8700
6.2617076846e-01 -2.1501562948e-01 -2.6513459723e+00
171 200 199
3 3 531 157.6300 -54.7100 4 239 181.9500 -138.6500 2 497 159.7000 -52.3600
8.1110529771e-01 -1.7430786643e-01 -2.4644676700e+00
193 210 207
3 3 535 219.2800 -48.1300 4 305 259.9600 -149.1300 2 688 215.2400 -38.2600
7.7618805134e-01 -5.6724991073e-02 -2.4795205926e+00
205 225 223
3 3 731 208.1900 -16.0500 4 329 252.8200 -96.8400 2 714 203.9400 -13.9300
4.8823357435e-01 5.1415225891e-01 -2.6519696785e+00
217 234 241
3 3 606 122.1100 129.8700 4 272 173.4400 131.4500 2 752 115.8800 97.3200
-6.3415007241e-01 -3.8629517597e-01 -3.1435140375e+00
25 70 142
3 3 675 -133.4700 -82.1800 4 614 -143.2300 -95.2200 2 838 -115.3400 -117.4200
6.4469956129e-01 -2.1602456766e-01 -2.6395947756e+00
155 173 167
3 3 696 163.1000 -55.1900 4 424 188.6300 -141.0600 2 874 164.3800 -52.1600
5.0772089373e-01 5.1610325584e-01 -2.6541823135e+00
10 32 44
3 3 805 126.9000 130.2600 4 378 180.7600 131.5500 2 978 119.2500 97.2700
2.2253392002e-01 6.7016869492e-01 -2.8753020361e+00
131 133 125
3 3 814 51.0600 156.1300 4 529 101.1500 170.5300 2 995 43.2800 115.5000
3.4482299746e-01 7.6361766895e-01 -2.7459997669e+00
198 214 211
3 3 828 82.7600 186.0400 4 388 139.3200 210.7100 2 1008 74.2700 141.8700
4.1127600201e-01 3.4569771120e-01 -2.6246471619e+00
13 14 11
2 3 61 103.7600 88.0700 4 22 135.3300 76.8600
-2.9157980047e-01 -5.2235735012e-01 -2.7746481607e+00
238 245 87
2 3 71 -70.6700 -126.0100 4 41 -115.6400 -165.7700
-5.0918353903e-01 7.3880593997e-01 -3.5104074610e+00
35 22 16
2 3 96 -96.0900 140.0400 4 54 -35.3600 156.2600
6.8046280853e-01 -1.5177397794e-01 -2.5994168557e+00
85 81 74
2 3 114 174.5600 -39.9600 4 62 206.1500 -121.7800
-2.0319349491e-01 -4.0942202169e-01 -2.9591203022e+00
235 41 32
2 3 156 -45.5600 -93.9100 4 82 -63.8400 -129.5100
-8.9942551065e-01 -3.9516843635e-01 -3.2565744513e+00
24 24 23
2 3 158 -182.6200 -80.5200 4 88 -184.0400 -83.2000
6.2922442388e-01 -1.4838883323e-01 -2.6285557466e+00
187 204 201
2 3 161 159.5400 -38.2600 4 63 186.9300 -115.6600
6.5617500575e-01 8.7420197106e-02 -2.6163926235e+00
182 203 200
2 3 229 167.1000 22.4100 4 121 211.5900 -30.3500
6.6610950184e-01 3.2394848966e-01 -2.4866519453e+00
210 223 222
2 3 321 178.1100 87.3400 4 200 230.5900 64.6100
5.1812987018e-01 4.9875063558e-01 -2.6660705199e+00
191 218 225
2 3 328 129.0600 125.4300 4 204 183.7600 123.8700
4.8935399345e-01 5.4181809235e-01 -2.6590600236e+00
48 58 64
2 3 329 122.0700 136.6000 4 140 175.5100 140.6500
-5.4880858053e-01 -5.3330548377e-01 -2.8979203376e+00
175 124 56
2 3 370 -126.1100 -123.3300 4 310 -163.2800 -145.5900
6.9270298415e-01 -1.3312784456e-01 -2.5937088183e+00
77 78 76
2 3 392 178.1900 -35.7100 4 248 212.1200 -115.5800
6.4410846646e-01 -1.3343431659e-01 -2.6229273298e+00
193 212 210
2 3 393 163.6800 -34.5400 4 167 193.4500 -111.4400
6.2962846541e-01 6.8738017672e-02 -2.6156102215e+00
200 218 216
2 3 413 160.3600 17.3000 4 119 200.2500 -35.4600
7.6600645687e-01 3.4078848285e-01 -2.4550083859e+00
209 224 226
2 3 430 207.5900 92.6200 4 202 275.1900 68.4700
-2.3159506013e-01 6.4883240600e-01 -3.5407655703e+00
57 172 203
2 3 440 -42.9000 122.5900 4 376 22.4900 128.7700
4.0892059549e-01 6.0408191927e-01 -2.7389225798e+00
80 57 39
2 3 448 98.9400 148.0000 4 277 152.4900 156.9900
-6.6111663188e-01 -6.4829121160e-01 -2.6780971060e+00
25 26 29
2 3 476 -164.6100 -162.6200 4 223 -231.8800 -180.8400
-1.1592164503e-01 -5.8356340861e-01 -2.7198496452e+00
30 45 16
2 3 485 -28.9200 -144.4100 4 151 -77.3900 -200.2400
-2.5893112578e-01 -5.4937764554e-01 -2.7226612380e+00
165 188 150
2 3 495 -64.1100 -135.3700 4 224 -115.5100 -179.0300
-8.7737034509e-01 -3.6172372614e-01 -3.2710756438e+00
45 45 45
2 3 518 -177.4600 -72.8400 4 333 -176.5700 -76.7500
8.9898159383e-01 -2.6583383577e-01 -2.4913390280e+00
111 109 115
2 3 519 240.5200 -72.1100 4 218 290.8000 -192.6500
9.2849055910e-01 -2.3945289560e-01 -2.5151029386e+00
156 170 168
2 3 526 246.0700 -64.0500 4 221 304.4300 -182.6000
2.9366052438e-01 -2.2323903604e-01 -2.4776105280e+00
123 199 99
2 3 529 77.8400 -61.1500 4 246 48.5700 -124.7300
8.3039714992e-01 -2.1201449176e-01 -2.4677322283e+00
191 209 209
2 3 530 224.1500 -58.1300 4 227 265.6100 -166.2700
6.4770233549e-01 -9.8789127142e-02 -2.6024487333e+00
173 193 191
2 3 552 165.8600 -26.0000 4 250 196.7900 -99.4600
6.1094999660e-01 -1.2814640059e-03 -2.5832864109e+00
168 184 181
2 3 568 157.4600 -0.7700 4 255 188.4100 -60.6800
4.3729904555e-01 -2.3264888640e-03 -3.4372010633e+00
31 71 6
2 3 573 86.0400 1.3200 4 340 150.9900 -46.8700
5.6713030287e-01 1.4330094946e-01 -2.4958840679e+00
82 75 68
2 3 581 150.9100 38.2900 4 477 178.6500 -1.9500
-3.9741055475e-02 1.8212264167e-01 -2.9110050520e+00
60 82 69
2 3 585 -9.6300 41.0100 4 359 3.2200 31.3900
-2.4973418661e-01 1.0119809830e+00 -3.4241537053e+00
176 175 180
2 3 618 -48.2000 198.1300 4 539 24.4900 219.2100
-4.7432779158e-01 -6.1633504237e-01 -2.6857512776e+00
97 111 121
2 3 658 -118.3100 -153.8700 4 553 -182.0500 -185.2900
-1.4732367254e-01 -5.8988745908e-01 -2.6700130343e+00
57 109 41
2 3 660 -37.5300 -148.5900 4 285 -93.5400 -203.5200
-4.7266588159e-01 -5.9710124163e-01 -2.7587562417e+00
65 84 82
2 3 663 -114.5400 -145.1400 4 559 -168.7200 -175.3700
2.5666088421e-01 -2.9742170736e-01 -2.4794439719e+00
116 181 93
2 3 676 67.8200 -81.3800 4 306 30.5400 -149.4200
2.6790944493e-01 -2.7304604696e-01 -2.4707077804e+00
80 135 54
2 3 679 71.0700 -75.0000 4 312 35.3100 -141.7400
2.8116901345e-01 -2.5946478086e-01 -2.4639555936e+00
80 145 61
2 3 680 74.8100 -71.3100 4 314 40.4000 -138.2100
9.0861017577e-01 -2.2482851650e-01 -2.4904303365e+00
126 129 134
2 3 690 243.1900 -61.0200 4 225 298.0500 -176.7400
9.1209841908e-01 -2.0918790046e-01 -2.5005912807e+00
169 179 180
2 3 695 243.1400 -56.4700 4 226 300.2000 -169.8400
6.5091905015e-01 -1.2828907945e-01 -2.6131359840e+00
191 209 205
2 3 709 165.9800 -33.1600 4 325 196.2800 -110.5500
5.6796021521e-01 1.5111318377e-02 -2.5641922572e+00
198 221 219
2 3 743 147.3200 3.5000 4 338 172.4100 -51.8100
-3.2676276871e-01 3.2523460923e-02 -3.0153044117e+00
13 14 12
2 3 746 -72.5400 6.9700 4 662 -69.0800 -1.6300
-2.8259516845e-01 4.2826028154e-02 -2.9787300567e+00
59 57 58
2 3 749 -63.6700 9.5800 4 665 -61.5300 -0.3300
6.6122499972e-01 1.1619790547e-01 -2.6182448024e+00
178 199 191
2 3 758 168.2800 29.6400 4 465 215.2900 -19.8200
6.9948378238e-01 1.3821731281e-01 -2.5518674513e+00
174 194 192
2 3 763 182.5700 35.9000 4 471 232.1800 -12.8100
6.9948378238e-01 1.3821731281e-01 -2.5518674513e+00
174 194 192
2 3 764 182.5700 35.9000 4 470 232.1800 -12.8100
-2.4123584028e-01 3.0580540051e-01 -3.2125382519e+00
34 134 164
2 3 776 -49.9400 63.9300 4 498 -17.2500 61.7200
3.6310425474e-01 3.9969179982e-01 -2.5578270785e+00
128 207 115
2 3 786 93.6000 104.5700 4 517 117.7900 102.7500
3.3859327036e-01 4.0653065834e-01 -2.5513811165e+00
133 210 116
2 3 787 87.3500 106.6000 4 521 108.8400 106.7200
-1.6809317756e-01 6.4067508454e-01 -3.5150120991e+00
209 107 135
2 3 797 -31.2200 121.9700 4 714 34.6100 126.9400
4.9148084534e-01 4.8715647620e-01 -2.6448484170e+00
137 203 134
2 3 799 123.2800 123.4200 4 270 173.0100 122.5300
5.0770399651e-01 5.1642034939e-01 -2.6547375179e+00
10 32 44
2 3 804 126.9000 130.2600 4 377 180.7600 131.5500
6.1733764412e-01 4.9827469659e-01 -2.4941750553e+00
211 222 220
2 3 808 164.1800 133.4100 4 524 221.0000 135.7100
1.1504733369e-01 8.5134730364e-01 -3.1005619573e+00
162 165 158
2 3 826 24.4000 183.6900 4 743 89.7500 203.6600
1.1504733369e-01 8.5134730364e-01 -3.1005619573e+00
162 165 158
2 3 827 24.4000 183.6900 4 744 89.7500 203.6600
4.3822174053e-01 7.7700159587e-01 -2.7156013337e+00
181 191 184
2 3 829 106.7400 191.7000 4 537 170.8800 216.5400
-5.5340862316e-01 -6.8056049486e-01 -2.6113808590e+00
142 152 151
2 3 863 -141.9700 -174.3000 4 776 -218.7500 -203.6500
-1.3254902708e-01 -5.9872779444e-01 -2.6791321460e+00
102 180 92
2 3 880 -33.7500 -150.0400 4 395 -88.4200 -206.9900
-5.9088708726e-01 -5.6213575630e-01 -2.8554053283e+00
44 70 66
2 3 894 -137.9800 -131.3200 4 580 -180.9900 -153.1300
6.4277157332e-01 -4.4609827305e-01 -2.5752093382e+00
107 131 135
2 3 903 166.2800 -116.8800 4 391 172.0300 -231.1700
2.3397656356e-01 -3.4358293766e-01 -2.4755584582e+00
80 130 49
2 3 922 61.7500 -93.9400 4 413 19.0600 -165.0700
6.3335299291e-01 -3.2176320688e-01 -2.6164913563e+00
55 73 73
2 3 930 161.4000 -83.2600 4 294 177.3800 -180.3600
3.4357519451e-01 -3.0419294594e-01 -2.4838593496e+00
61 107 43
2 3 931 91.2600 -83.1500 4 578 62.5400 -158.9100
3.1008280375e-01 -2.7681316097e-01 -2.4797778197e+00
71 133 50
2 3 933 82.2800 -75.7600 4 419 51.4700 -146.0900
-1.7629850526e-01 -1.8266934803e-01 -2.8950052113e+00
217 222 213
2 3 953 -41.0400 -42.5700 4 629 -53.4000 -69.0300
6.5557404922e-01 -1.1519142469e-01 -2.6090382746e+00
112 118 114
2 3 960 167.4700 -30.0700 4 603 198.8600 -106.0000
6.5557404922e-01 -1.1519142469e-01 -2.6090382746e+00
112 118 114
2 3 961 167.4700 -30.0700 4 604 198.8600 -106.0000
-3.2543006471e-01 -1.0574282498e-01 -3.0103059805e+00
34 36 33
2 3 971 -72.2700 -23.6500 4 883 -75.4600 -39.2500
-2.7333683184e-01 1.4808412416e-01 -2.9303232116e+00
134 95 81
2 3 1012 -62.8200 32.9000 4 674 -59.5600 30.3800
-4.3397047156e-01 3.3602734596e-01 -3.3250530073e+00
135 170 191
2 3 1030 -86.6100 67.7700 4 693 -50.5400 70.8400
5.0771846355e-01 3.3527612454e-01 -2.6769157139e+00
163 212 132
2 3 1037 126.1000 84.0600 4 501 171.1700 65.8300
6.7392508568e-01 3.2778384540e-01 -2.4817366362e+00
219 231 231
2 3 1039 180.5200 88.1200 4 503 234.2200 66.3200
6.7895637016e-01 3.3869044010e-01 -2.4812275503e+00
203 217 218
2 3 1040 181.9000 91.0300 4 692 237.0300 70.5200
7.8551896889e-01 3.4163551904e-01 -2.4575242754e+00
167 179 179
2 3 1042 212.7000 92.7000 4 505 283.7200 67.6600
3.6649367960e-01 3.7527987227e-01 -2.5781441650e+00
94 80 35
2 3 1044 93.7900 97.1300 4 511 118.6900 92.4700
4.3925773584e-02 4.2196884090e-01 -2.3866699364e+00
203 156 172
2 3 1057 9.7800 117.8800 4 992 -12.2400 137.4300
4.4021146804e-01 7.6535245918e-01 -2.7233386363e+00
206 218 214
2 3 1096 106.9600 188.3000 4 533 171.1500 211.6700
4.4021146804e-01 7.6535245918e-01 -2.7233386363e+00
206 218 214
2 3 1097 106.9600 188.3000 4 534 171.1500 211.6700
-3.8625406625e-01 9.6601833816e-01 -3.4906160660e+00
55 28 21
2 3 43 -73.2500 185.4000 2 33 -103.8400 135.9900
6.9078797728e-01 -5.7154580958e-01 -2.5190635511e+00
176 194 194
2 3 69 182.4400 -153.0100 2 86 196.6000 -127.0300
8.9882475881e-01 6.0306324728e-02 -2.4479278293e+00
93 91 84
2 3 82 244.7100 16.0500 2 137 226.9500 14.0200
-5.1705817018e-01 2.6583512070e-01 -3.3660228912e+00
47 61 46
2 3 89 -101.9400 54.8600 2 50 -111.1700 10.8000
2.3457273658e-01 7.0554083034e-01 -2.8227324669e+00
204 215 215
2 3 97 54.6100 167.8200 2 154 48.7800 125.0600
7.4349163348e-01 -5.4382913220e-01 -2.4873245938e+00
81 76 73
2 3 102 198.8400 -147.1300 2 119 209.8600 -120.4100
6.8291398582e-01 -1.5451591494e-01 -2.6076474743e+00
85 81 74
2 3 115 174.5600 -39.9600 2 126 173.5500 -38.2100
-6.3141069198e-01 1.4586857816e-01 -3.4578695939e+00
182 188 156
2 3 127 -120.7400 28.2500 2 47 -133.0000 -12.6800
8.9118922061e-01 3.6064227943e-01 -2.4458846991e+00
111 84 75
2 3 134 242.6400 99.0200 2 201 217.6500 77.3400
4.3063074432e-01 8.0944913411e-01 -2.6952695575e+00
214 225 225
2 3 148 105.6000 200.8100 2 157 93.6600 155.1800
4.3063074432e-01 8.0944913411e-01 -2.6952695575e+00
214 225 225
2 3 149 105.6000 200.8100 2 158 93.6600 155.1800
-2.5682046703e-01 -1.3987949707e-01 -2.9472455003e+00
155 161 158
2 3 162 -58.4400 -32.0800 2 124 -35.7600 -57.8300
-2.6929362986e-01 1.1601845978e-01 -2.9482463621e+00
71 38 22
2 3 170 -61.4600 26.1300 2 134 -43.9800 -5.0800
-3.6652877074e-01 2.5164089674e-01 -3.1671536033e+00
68 101 75
2 3 176 -77.1200 52.6500 2 139 -75.9200 16.9900
-3.2558691890e-01 -7.0943074569e-01 -2.4803813099e+00
45 27 17
2 3 202 -88.8300 -192.4100 2 163 -7.4800 -200.2000
-1.8603228049e-01 -1.6019711960e-01 -2.8935334390e+00
215 217 213
2 3 218 -43.3500 -37.2000 2 178 -17.9600 -60.6400
4.6791740011e-01 1.2882259260e-01 -2.8490706371e+00
94 83 15
2 3 231 109.5800 30.6900 2 259 102.8200 11.9000
8.8625503885e-01 3.2263320981e-01 -2.4560542769e+00
204 217 217
2 3 243 240.3700 87.7000 2 274 216.3800 69.5000
9.3587372549e-01 3.5330884534e-01 -2.4483246586e+00
197 209 206
2 3 244 254.6500 96.6100 2 394 225.4500 76.5600
1.0825366014e+00 4.4806132933e-01 -2.4610725267e+00
171 179 182
2 3 246 293.1300 122.0800 2 281 246.6800 96.9900
1.0665458819e+00 4.8807616026e-01 -2.4296239704e+00
177 181 184
2 3 247 292.4000 135.1300 2 577 247.2400 106.0500
9.6782045753e-01 5.2742371653e-01 -2.4077301627e+00
163 163 164
2 3 250 267.5600 146.7000 2 413 231.7900 115.5300
-4.5908870964e-01 -6.7984835350e-01 -2.5186381116e+00
31 36 40
2 3 272 -122.6600 -180.8400 2 300 -42.3600 -197.6000
4.8846250505e-01 5.4100675379e-01 -2.6537318792e+00
48 58 64
2 3 330 122.0700 136.6000 2 407 115.0700 102.4700
-3.2492897025e-01 -7.5545115787e-01 -2.4323913795e+00
170 178 165
2 3 344 -90.5400 -208.3900 2 295 -2.3100 -214.7900
7.1941634540e-01 -6.8433026499e-01 -2.5061139728e+00
164 183 190
2 3 349 190.8200 -183.2500 2 312 206.7300 -151.5800
6.7871999933e-01 -5.8323359022e-01 -2.5131461287e+00
198 222 228
2 3 359 179.6000 -156.1900 2 474 195.5500 -130.4700
-2.3211203364e-01 -1.0138067204e-01 -2.9285584774e+00
28 22 24
2 3 396 -53.2700 -23.5100 2 329 -30.6300 -49.1900
-2.4879035480e-01 -3.3270424002e-02 -2.9490903948e+00
29 26 26
2 3 404 -56.6800 -7.7300 2 341 -36.5900 -35.6300
-2.4879035480e-01 -3.3270424002e-02 -2.9490903948e+00
29 26 26
2 3 405 -56.6800 -7.7300 2 342 -36.5900 -35.6300
-2.7975191342e-01 -2.2832345685e-02 -2.9773613436e+00
25 24 25
2 3 406 -63.0100 -5.2500 2 344 -44.4900 -34.3700
4.2559725084e-01 2.6906890349e-01 -2.6401909090e+00
144 215 123
2 3 425 106.9100 67.7600 2 552 111.4100 46.0600
-4.0661444862e-01 3.3590717675e-01 -3.3328617193e+00
173 64 101
2 3 426 -80.9100 67.3900 2 548 -91.1100 28.4200
-3.4762763801e-01 4.9756769796e-01 -3.1211492349e+00
211 76 123
2 3 432 -74.5700 107.3200 2 387 -75.3000 65.2600
-3.4762763801e-01 4.9756769796e-01 -3.1211492349e+00
211 76 123
2 3 433 -74.5700 107.3200 2 388 -75.3000 65.2600
6.3632350990e-01 8.4416181124e-01 -2.5800775011e+00
188 199 202
2 3 454 163.4700 219.2200 2 587 142.2900 169.7200
-2.9524611341e-01 -7.6199197176e-01 -2.4022133307e+00
135 131 128
2 3 459 -83.5600 -212.9400 2 597 7.3500 -216.7400
-4.7013169610e-01 -7.6416206654e-01 -2.5088230712e+00
135 130 122
2 3 464 -125.8900 -204.0500 2 434 -42.2500 -219.4600
-3.9567085283e-01 -4.4624253349e-01 -2.9158273373e+00
47 54 5
2 3 505 -90.5900 -102.4800 2 634 -55.7100 -127.1000
-1.8746087433e-01 -2.9780234428e-01 -2.8984662189e+00
48 9 10
2 3 523 -43.4700 -68.8800 2 481 -15.4000 -89.6400
-1.8066575430e-01 -2.7117850340e-01 -2.8964284173e+00
51 3 1
2 3 527 -41.9800 -62.5800 2 483 -14.4700 -84.0800
-2.8567124866e-01 -2.7362515169e-01 -2.9851936913e+00
41 27 21
2 3 528 -63.9100 -61.5200 2 482 -40.5800 -86.2500
6.6659451360e-01 -2.0868058177e-01 -2.6329371993e+00
172 188 185
2 3 532 168.7800 -53.3500 2 676 169.0400 -50.0100
6.6659451360e-01 -2.0868058177e-01 -2.6329371993e+00
172 188 185
2 3 533 168.7800 -53.3500 2 677 169.0400 -50.0100
-1.6314690206e-01 -1.7252485421e-01 -2.8791946039e+00
43 5 2
2 3 541 -38.2800 -40.3500 2 489 -12.2200 -62.6000
-1.5942834667e-01 -1.5271896952e-01 -2.8765129975e+00
39 9 5
2 3 544 -37.4800 -35.7300 2 490 -11.7500 -58.3900
-1.5483726274e-01 -1.2789053839e-01 -2.8721051886e+00
48 10 9
2 3 546 -36.4900 -30.1700 2 495 -11.1600 -52.8600
-3.7713428012e-01 -1.3974277589e-01 -3.0590288199e+00
212 189 53
2 3 548 -82.2500 -30.0400 2 326 -65.1800 -61.3700
-1.9270872525e-01 -1.2361027008e-01 -2.9040982811e+00
21 20 21
2 3 550 -44.7200 -28.7100 2 496 -20.7800 -53.0200
-3.5949192819e-01 -1.1682887906e-01 -3.0369261989e+00
52 9 4
2 3 553 -79.0300 -25.7400 2 494 -61.2600 -55.7600
-3.7053820993e-01 -9.6912453225e-02 -3.0434906376e+00
203 198 195
2 3 554 -81.2300 -21.9400 2 328 -64.3200 -51.2800
-2.1372380225e-01 -9.1449335689e-02 -2.9173287632e+00
213 216 211
2 3 555 -49.2800 -21.7000 2 505 -26.6000 -46.2600
-2.7664157540e-01 -8.9010953422e-02 -2.9637493145e+00
19 21 20
2 3 556 -62.6000 -20.0300 2 330 -41.6700 -48.1400
-5.4969641017e-01 -1.0327427777e-01 -3.3602600840e+00
90 158 98
2 3 557 -108.2100 -19.9600 2 492 -110.3600 -57.7100
-1.5660498912e-01 -3.6313666376e-02 -2.8705668918e+00
242 40 28
2 3 562 -36.9900 -8.9600 2 518 -13.5500 -33.4500
-1.5237574274e-01 -1.3968734561e-02 -2.8662534648e+00
241 43 32
2 3 565 -36.0700 -4.0300 2 523 -13.0000 -28.3200
-3.3134473363e-01 -3.5157369948e-03 -3.0157691449e+00
21 20 22
2 3 571 -73.5100 -1.0400 2 520 -57.1400 -31.6000
-2.4672343398e-01 1.8080068255e-02 -3.1003732449e+00
211 215 211
2 3 574 -52.9200 1.8700 2 709 -45.3600 -24.1400
7.3042419103e-01 9.9428529926e-02 -2.4901712292e+00
179 202 200
2 3 577 195.3200 26.1500 2 727 189.7300 18.7300
-4.8970971626e-01 1.3483040541e-01 -3.3031163294e+00
49 108 75
2 3 578 -98.3500 27.4900 2 536 -101.9000 -10.5500
5.3060895975e-01 1.3668733213e-01 -2.8446812431e+00
188 225 87
2 3 579 124.5300 32.6000 2 724 114.1700 14.5800
5.3060895975e-01 1.3668733213e-01 -2.8446812431e+00
188 225 87
2 3 580 124.5300 32.6000 2 725 114.1700 14.5800
-3.6971670118e-01 2.1943056400e-01 -3.2229957573e+00
58 71 58
2 3 586 -76.2700 45.2600 2 540 -78.0100 9.4300
-2.0415270181e-01 5.8707556421e-01 -3.2031569895e+00
62 175 201
2 3 605 -42.5500 122.9800 2 397 -53.3600 81.4400
-4.2142414654e-01 -7.3023338590e-01 -2.5115228023e+00
166 172 158
2 3 646 -112.9600 -194.9500 2 603 -31.6500 -208.5400
6.8050139791e-01 -6.1788515935e-01 -2.5087555993e+00
57 67 75
2 3 654 180.3400 -165.6100 2 820 197.3900 -138.1700
-1.8048780931e-01 -2.8016173233e-01 -2.9030925723e+00
70 4 2
2 3 686 -41.8700 -63.8000 2 848 -14.4700 -86.6500
-2.2396826527e-01 -2.7408865999e-01 -2.9295382981e+00
173 129 129
2 3 687 -51.2500 -62.7800 2 651 -25.1300 -85.2700
-2.3175022563e-01 -1.6465225414e-01 -2.9328868852e+00
212 211 207
2 3 703 -53.0400 -37.9100 2 661 -29.3800 -62.3900
-2.1663945073e-01 -1.4904385718e-01 -2.9191158819e+00
26 22 21
2 3 707 -49.8700 -34.7800 2 491 -25.9700 -58.5000
6.5543292308e-01 -1.2930324129e-01 -2.6323618752e+00
191 209 205
2 3 710 165.9800 -33.1600 2 892 165.0500 -33.6700
-1.7864845881e-01 -1.3669701866e-01 -2.8978159316e+00
210 220 210
2 3 711 -41.5700 -31.9600 2 668 -17.3200 -55.2500
-2.2298915400e-01 -1.2385145199e-01 -2.9287874465e+00
209 210 204
2 3 712 -51.1700 -28.5700 2 671 -28.2900 -53.7400
-1.7754559349e-01 -1.1856307515e-01 -2.8853684519e+00
16 16 20
2 3 713 -41.5500 -27.8800 2 498 -16.7600 -51.4300
-2.0618426050e-01 -1.1323488353e-01 -2.9108591713e+00
29 30 30
2 3 714 -47.6900 -26.3600 2 674 -24.1400 -51.0600
-2.0618426050e-01 -1.1323488353e-01 -2.9108591713e+00
29 30 30
2 3 715 -47.6900 -26.3600 2 675 -24.1400 -51.0600
-2.5265316939e-01 -1.0100118847e-01 -2.9492520726e+00
30 28 28
2 3 719 -57.4900 -23.1600 2 678 -35.8800 -49.7200
-1.9431771432e-01 -8.5631027196e-02 -2.9018109908e+00
18 20 22
2 3 724 -45.1400 -20.3100 2 508 -21.9000 -44.7300
-1.9431771432e-01 -8.5631027196e-02 -2.9018109908e+00
18 20 22
2 3 725 -45.1400 -20.3100 2 507 -21.9000 -44.7300
-3.0010258253e-01 -8.8598453768e-02 -2.9879205778e+00
14 14 14
2 3 726 -67.2400 -20.0200 2 499 -47.6700 -48.3700
-3.2245081234e-01 -7.4682017069e-02 -3.0041543926e+00
29 24 28
2 3 729 -71.7900 -16.9600 2 680 -53.2800 -45.8900
-3.2245081234e-01 -7.4682017069e-02 -3.0041543926e+00
29 24 28
2 3 730 -71.7900 -16.9600 2 681 -53.2800 -45.8900
-1.6079525814e-01 -5.5751007646e-02 -2.8801519708e+00
28 19 17
2 3 732 -37.8100 -13.2300 2 689 -14.4900 -37.9200
-1.8906883255e-01 -2.9922713174e-02 -2.8904558066e+00
226 35 29
2 3 735 -44.2000 -7.2800 2 696 -21.4000 -33.1000
-2.1112424824e-01 -2.2602722326e-02 -2.9097040514e+00
231 39 32
2 3 736 -48.9200 -5.5500 2 698 -27.1200 -32.1700
-1.8811485944e-01 -2.1837058905e-04 -2.8961373694e+00
237 43 36
2 3 737 -43.9000 -0.3700 2 707 -22.2100 -26.9200
-1.8811485944e-01 -2.1837058905e-04 -2.8961373694e+00
237 43 36
2 3 738 -43.9000 -0.3700 2 708 -22.2100 -26.9200
-1.6561445201e-01 9.2573234453e-03 -2.8660685539e+00
107 7 0
2 3 740 -39.2000 1.6500 2 903 -16.1400 -23.9900
-2.8057175421e-01 2.5590949340e-02 -2.9696072372e+00
218 219 217
2 3 745 -63.4100 5.4600 2 711 -45.3600 -24.1400
-6.3551282602e-01 1.4219408530e-01 -3.4771556102e+00
184 189 159
2 3 756 -120.8200 27.7400 2 530 -134.0600 -14.0000
-6.3551282602e-01 1.4219408530e-01 -3.4771556102e+00
184 189 159
2 3 757 -120.8200 27.7400 2 531 -134.0600 -14.0000
8.1219997959e-01 3.5226579488e-01 -2.4208200540e+00
197 208 212
2 3 784 223.2600 97.1900 2 966 206.8000 76.3600
-9.4614295595e-02 5.6607074156e-01 -3.1366691839e+00
67 183 204
2 3 793 -20.2700 120.9500 2 742 -29.5200 81.3000
4.6619559902e-01 5.5789270645e-01 -2.6622188811e+00
52 79 88
2 3 809 116.0700 140.3000 2 987 109.6500 105.5000
9.8536829761e-02 8.5361540414e-01 -3.1372555049e+00
194 197 188
2 3 825 20.7700 182.2900 2 1003 -0.4500 136.5000
-2.5477863405e-01 -2.5879008875e-01 -3.0401278961e+00
22 19 19
2 3 944 -55.7300 -58.2800 2 853 -37.9000 -80.6600
6.1533903501e-01 -2.1928686649e-01 -2.6703340299e+00
69 91 88
2 3 945 153.6400 -55.3200 2 869 155.7800 -53.3900
-2.5335823080e-01 -1.5905365236e-01 -2.9495844497e+00
216 215 213
2 3 955 -57.5900 -36.3400 2 862 -34.7500 -61.8000
-2.8171055194e-01 -1.3508421795e-01 -2.9717158348e+00
24 25 23
2 3 957 -63.4700 -30.8200 2 663 -42.1800 -57.3100
-2.8171055194e-01 -1.3508421795e-01 -2.9717158348e+00
24 25 23
2 3 958 -63.4700 -30.8200 2 664 -42.1800 -57.3100
-1.6918449617e-01 -1.2518629554e-01 -2.8867739938e+00
36 35 37
2 3 963 -39.5800 -29.4400 2 871 -15.0200 -52.5800
-1.6289041870e-01 -1.1291314533e-01 -2.8791240260e+00
222 222 221
2 3 966 -38.2500 -26.7700 2 878 -13.5900 -49.7300
-5.5346994165e-01 -1.2479610854e-01 -3.3526500691e+00
20 61 22
2 3 970 -109.2000 -24.3600 2 863 -110.4600 -61.8300
-3.2507392870e-01 -1.0545209006e-01 -3.0072684234e+00
34 36 33
2 3 972 -72.2700 -23.6500 2 672 -53.2600 -52.4300
-1.5459535837e-01 -6.9649434764e-02 -2.8721003744e+00
207 213 209
2 3 975 -36.4800 -16.6000 2 886 -12.4500 -40.5700
-1.7479192739e-01 -6.3493664777e-02 -2.8886102392e+00
215 216 218
2 3 977 -40.9100 -14.9500 2 887 -17.6300 -39.9400
-2.0312253279e-01 -5.4891484501e-02 -2.9099011066e+00
213 216 206
2 3 980 -47.0600 -12.8600 2 686 -24.7700 -38.8700
-2.0312253279e-01 -5.4891484501e-02 -2.9099011066e+00
213 216 206
2 3 981 -47.0600 -12.8600 2 687 -24.7700 -38.8700
-2.6707162754e-01 -3.7679982769e-02 -2.9613445353e+00
198 204 200
2 3 985 -60.5400 -8.5000 2 516 -40.7700 -37.2200
-2.6707162754e-01 -3.7679982769e-02 -2.9613445353e+00
198 204 200
2 3 986 -60.5400 -8.5000 2 517 -40.7700 -37.2200
-1.3945742287e-01 -3.0650983533e-02 -2.8577338270e+00
123 0 0
2 3 987 -33.1800 -7.7600 2 700 -9.4500 -31.7000
-1.3945742287e-01 -3.0650983533e-02 -2.8577338270e+00
123 0 0
2 3 988 -33.1800 -7.7600 2 701 -9.4500 -31.7000
-3.0144133653e-01 -2.5658110093e-02 -2.9905083845e+00
216 221 217
2 3 991 -67.5200 -6.0100 2 692 -49.4600 -35.3400
-2.2476300270e-01 -1.9985331218e-02 -2.9199825480e+00
224 35 24
2 3 992 -51.8400 -4.9200 2 895 -30.5000 -32.0000
-1.6642908461e-01 2.1575281609e-02 -2.8914574620e+00
247 41 40
2 3 997 -38.9800 4.6000 2 906 -18.0900 -21.7700
-3.2243644787e-01 5.5743249806e-02 -3.0077901029e+00
56 58 54
2 3 1004 -71.8000 12.1000 2 909 -56.2700 -19.1700
-4.2669958507e-01 3.0424112701e-01 -3.0370311042e+00
121 176 191
2 3 1031 -94.2100 68.7400 2 949 -83.5200 26.9600
3.1769060273e-01 5.8967190266e-01 -2.7737676516e+00
72 103 101
2 3 1073 75.6800 142.4500 2 989 71.0000 105.2700
4.6968309344e-02 6.0963732131e-01 -1.7197036701e+00
178 170 179
2 3 1110 11.3000 235.9400 2 1017 128.0900 185.5500
-5.9188468689e-01 6.6719546276e-01 -3.4317951038e+00
192 113 126
2 4 209 -62.1400 144.9800 2 749 -134.5300 85.4500
-2.0534978344e-01 5.8718463362e-01 -3.1897726237e+00
55 170 198
2 4 523 1.4400 133.8200 2 569 -53.0100 81.8600
-4.5143115397e-01 2.4197998314e-01 -3.2663664822e+00
75 92 82
2 4 944 -63.6500 51.0900 2 723 -95.4800 10.8200
