# Bundle file v0.3
11 125
0 0 0
0 0 0
0 0 0
0 0 0
0 0 0
0 0 0
0 0 0
0 0 0
0 0 0
0 0 0
0 0 0
0 0 0
0 0 0
0 0 0
0 0 0
6.7391184543e+02 4.1295813595e-03 -6.2847464063e-04
9.9998989507e-01 -3.2069049107e-03 3.1504783175e-03
3.2412645777e-03 9.9993465907e-01 -1.0962289830e-02
-3.1151174413e-03 1.0972390591e-02 9.9993494923e-01
9.7864645333e-03 -3.2144532998e-02 -5.4182742551e-02
6.8284600806e+02 -5.3106230031e-02 -7.9868876929e-03
9.3935136440e-01 1.5884176830e-01 -3.0395444864e-01
-1.5111040913e-01 9.8730405136e-01 4.8952573154e-02
3.0787117186e-01 -5.2985293256e-05 9.5142805232e-01
-8.6344565753e-01 5.9463543368e-02 4.6209316680e-01
0 0 0
0 0 0
0 0 0
0 0 0
0 0 0
0 0 0
0 0 0
0 0 0
0 0 0
0 0 0
0 0 0
0 0 0
0 0 0
0 0 0
0 0 0
0 0 0
0 0 0
0 0 0
0 0 0
0 0 0
0 0 0
0 0 0
0 0 0
0 0 0
0 0 0
0 0 0
0 0 0
0 0 0
0 0 0
0 0 0
-5.4601768476e-01 5.9222259296e-01 -3.4001829284e+00
135 189 173
2 3 62 -107.3700 116.3400 4 36 -57.6000 129.9000
-3.2200979357e-01 8.0502033059e-02 -3.0036810344e+00
210 207 200
2 3 168 -71.0100 17.9400 4 127 -65.7200 10.9000
-3.5024390361e-01 1.2655201980e-02 -3.0183941008e+00
207 208 202
2 3 410 -76.8400 3.2900 4 475 -74.0400 -6.6500
-2.8157542680e-01 6.5010893372e-01 -3.5290292499e+00
206 94 130
2 3 442 -53.7500 123.4300 4 271 11.0000 130.6700
2.8868267762e-01 7.7240996325e-01 -2.7782910696e+00
208 220 220
2 3 189 68.6100 184.3600 4 104 121.4600 208.0700
-3.4582583165e-01 -7.9386150784e-02 -3.0254980726e+00
23 23 21
2 3 401 -75.5800 -17.3200 4 345 -76.0800 -31.1000
-3.0031975707e-01 -4.8261495978e-02 -2.9843858604e+00
23 22 24
2 3 561 -66.4700 -11.1000 4 460 -67.9800 -24.3200
-3.0031975707e-01 -4.8261495978e-02 -2.9843858604e+00
23 22 24
2 3 560 -66.4700 -11.1000 4 459 -67.9800 -24.3200
-3.1505055698e-01 1.1380622316e-02 -2.9908879124e+00
213 215 209
2 3 409 -69.7000 2.7300 4 355 -68.3900 -7.9700
-2.6817848370e-01 -5.6015221003e-03 -2.9536245969e+00
204 212 204
2 3 570 -60.0000 -1.2700 4 469 -61.3600 -14.1800
7.3762002245e-01 -7.9570623934e-02 -2.5286061725e+00
205 225 223
2 3 305 192.9100 -21.6300 4 172 231.1200 -100.1800
-1.2624062322e-01 4.6484855678e-01 -3.1370536497e+00
190 221 179
2 3 596 -27.0200 98.9900 4 516 12.0300 102.0200
-1.2624062322e-01 4.6484855678e-01 -3.1370536497e+00
190 221 179
2 3 595 -27.0200 98.9900 4 515 12.0300 102.0200
-1.9130278348e-01 -1.8585979382e-01 -2.9182495372e+00
206 212 212
2 3 702 -43.1900 -41.5200 4 628 -53.4000 -69.0300
-3.3464872655e-01 -4.7595517660e-03 -3.0121606874e+00
21 20 22
2 3 572 -73.5100 -1.0400 4 472 -71.6000 -11.5100
-3.1313853174e-01 -1.2405337713e-02 -2.9989128837e+00
26 24 27
2 3 567 -69.0700 -2.6300 4 468 -68.0600 -14.4800
-3.0128776293e-01 6.4009317218e-04 -2.9819392120e+00
206 205 202
2 3 995 -66.8200 0.1700 4 909 -66.3800 -11.2600
7.4021485391e-01 -5.5345722239e-02 -2.5250852338e+00
74 62 57
2 3 308 193.7700 -14.8500 4 177 233.7500 -91.3800
-2.6586315120e-01 -2.9248303992e-01 -2.9488541572e+00
217 34 24
2 3 681 -59.1800 -66.4100 4 851 -74.0000 -93.2000
7.6235724155e-01 -6.7432061319e-02 -2.4959341092e+00
195 219 214
2 3 400 201.9000 -18.5600 4 251 242.4500 -98.6000
-2.7420245863e-01 1.1779312379e-01 -2.9532559356e+00
71 38 22
2 3 169 -61.4600 26.1300 4 92 -57.4200 20.4900
3.3767222650e-01 7.9750950962e-01 -2.7594173668e+00
215 224 225
2 3 147 80.9000 191.8300 4 75 137.8000 217.0800
-3.7905655304e-01 -1.3625233507e-01 -3.0445480663e+00
212 189 53
2 3 547 -82.2500 -30.0400 4 642 -84.4000 -44.2700
3.8481129381e-01 8.5409575899e-02 -2.8606939924e+00
87 76 19
2 3 314 89.0600 20.4200 4 188 121.2900 -17.7300
-5.8783958642e-01 6.6335979727e-01 -3.4200872995e+00
201 112 134
2 3 1066 -114.8800 130.4800 4 208 -62.1400 144.9800
7.6871402054e-01 -4.9873187313e-02 -2.4990741804e+00
74 65 64
2 3 402 203.3000 -13.7400 4 175 246.2000 -92.0900
7.6871402054e-01 -4.9873187313e-02 -2.4990741804e+00
74 65 64
2 3 403 203.3000 -13.7400 4 176 246.2000 -92.0900
-5.6723680511e-02 5.1636961282e-01 -2.8341845100e+00
192 160 171
2 3 1061 -13.4600 120.3100 4 989 8.1200 132.9800
6.2288151863e-01 4.8282489419e-01 -2.5089943640e+00
225 239 239
2 3 802 164.1100 126.2400 4 373 219.3800 124.9600
4.6489175417e-01 5.4781596893e-01 -2.6641531086e+00
228 243 250
2 3 608 115.4000 135.7100 4 274 165.4300 140.6600
7.9054364087e-01 3.0790093513e-01 -2.5114577234e+00
209 222 219
2 3 592 208.0800 80.5700 4 197 277.6900 48.5100
3.1685378397e-01 7.4619050708e-01 -2.8433758058e+00
93 90 74
2 3 145 73.3100 173.0300 4 59 132.0800 193.3400
3.7528850600e-01 4.5583456149e-02 -2.8631485653e+00
191 232 94
2 3 313 86.8100 10.9400 4 186 116.4100 -29.5700
6.4828262081e-01 -3.0690180738e-01 -2.6336926525e+00
178 204 203
2 3 381 162.8900 -77.0900 4 155 182.7700 -172.9100
6.1947820426e-01 -2.7352164447e-01 -2.6542097626e+00
21 27 28
2 3 297 154.3200 -67.5700 4 231 174.5700 -157.7400
7.4021485391e-01 -5.5345722239e-02 -2.5250852338e+00
74 62 57
2 3 309 193.7700 -14.8500 4 178 233.7500 -91.3800
7.6240424348e-01 2.8656901479e-01 -2.5308069985e+00
210 227 224
2 3 320 199.1600 74.4300 4 131 264.1000 40.7600
6.3093354232e-01 -2.1829141374e-01 -2.6493787531e+00
171 200 199
2 3 531 157.6300 -54.7100 4 239 181.9500 -138.6500
8.2017316211e-01 -1.7814859525e-01 -2.4712287458e+00
193 210 207
2 3 535 219.2800 -48.1300 4 305 259.9600 -149.1300
7.8559593533e-01 -5.8246060404e-02 -2.4938835458e+00
205 225 223
2 3 731 208.1900 -16.0500 4 329 252.8200 -96.8400
4.9130471065e-01 5.2333618808e-01 -2.6613886966e+00
217 234 241
2 3 606 122.1100 129.8700 4 272 173.4400 131.4500
-6.3050453398e-01 -3.8586562433e-01 -3.1205019638e+00
25 70 142
2 3 675 -133.4700 -82.1800 4 614 -143.2300 -95.2200
6.4966100005e-01 -2.1906134948e-01 -2.6361203521e+00
155 173 167
2 3 696 163.1000 -55.1900 4 424 188.6300 -141.0600
5.1113034555e-01 5.2585602475e-01 -2.6637734044e+00
10 32 44
2 3 805 126.9000 130.2600 4 378 180.7600 131.5500
2.2303297157e-01 6.7755375246e-01 -2.8781274270e+00
131 133 125
2 3 814 51.0600 156.1300 4 529 101.1500 170.5300
3.4562065581e-01 7.7523369418e-01 -2.7553807633e+00
198 214 211
2 3 828 82.7600 186.0400 4 388 139.3200 210.7100
4.1290122866e-01 3.5265828837e-01 -2.6333052054e+00
13 14 11
2 3 61 103.7600 88.0700 4 22 135.3300 76.8600
-2.9922082237e-01 -5.2785830644e-01 -2.7719336438e+00
238 245 87
2 3 71 -70.6700 -126.0100 4 41 -115.6400 -165.7700
-4.9900910876e-01 7.3244158705e-01 -3.4843657463e+00
35 22 16
2 3 96 -96.0900 140.0400 4 54 -35.3600 156.2600
6.8652140246e-01 -1.5472247341e-01 -2.6027113140e+00
85 81 74
2 3 114 174.5600 -39.9600 4 62 206.1500 -121.7800
-2.0653488152e-01 -4.1324012429e-01 -2.9518646469e+00
235 41 32
2 3 156 -45.5600 -93.9100 4 82 -63.8400 -129.5100
-8.9045540617e-01 -3.9343361285e-01 -3.2288065636e+00
24 24 23
2 3 158 -182.6200 -80.5200 4 88 -184.0400 -83.2000
6.3438744236e-01 -1.5124191490e-01 -2.6312859879e+00
187 204 201
2 3 161 159.5400 -38.2600 4 63 186.9300 -115.6600
6.6225406720e-01 8.8964788482e-02 -2.6212080915e+00
182 203 200
2 3 229 167.1000 22.4100 4 121 211.5900 -30.3500
6.7286622461e-01 3.3187399397e-01 -2.4980010695e+00
210 223 222
2 3 321 178.1100 87.3400 4 200 230.5900 64.6100
5.2178303450e-01 5.0762680827e-01 -2.6744304964e+00
191 218 225
2 3 328 129.0600 125.4300 4 204 183.7600 123.8700
4.9243371887e-01 5.5164471776e-01 -2.6682777727e+00
48 58 64
2 3 329 122.0700 136.6000 4 140 175.5100 140.6500
-5.5401025330e-01 -5.3604616807e-01 -2.8890588183e+00
175 124 56
2 3 370 -126.1100 -123.3300 4 310 -163.2800 -145.5900
6.9902880610e-01 -1.3573263721e-01 -2.5972022985e+00
77 78 76
2 3 392 178.1900 -35.7100 4 248 212.1200 -115.5800
6.4956178494e-01 -1.3602411001e-01 -2.6258381439e+00
193 212 210
2 3 393 163.6800 -34.5400 4 167 193.4500 -111.4400
6.3524532819e-01 6.9957066406e-02 -2.6205612889e+00
200 218 216
2 3 413 160.3600 17.3000 4 119 200.2500 -35.4600
7.7503609232e-01 3.4936172831e-01 -2.4673507003e+00
209 224 226
2 3 430 207.5900 92.6200 4 202 275.1900 68.4700
-2.2307640007e-01 6.4329284769e-01 -3.5134467530e+00
57 172 203
2 3 440 -42.9000 122.5900 4 376 22.4900 128.7700
4.1088950341e-01 6.1347704369e-01 -2.7466666596e+00
80 57 39
2 3 448 98.9400 148.0000 4 277 152.4900 156.9900
-6.7105082106e-01 -6.5191895245e-01 -2.6729220925e+00
25 26 29
2 3 476 -164.6100 -162.6200 4 223 -231.8800 -180.8400
-1.2287369550e-01 -5.9101329753e-01 -2.7187843162e+00
30 45 16
2 3 485 -28.9200 -144.4100 4 151 -77.3900 -200.2400
-2.6735809294e-01 -5.5572779677e-01 -2.7212562416e+00
165 188 150
2 3 495 -64.1100 -135.3700 4 224 -115.5100 -179.0300
-8.6856258176e-01 -3.6034714831e-01 -3.2434211124e+00
45 45 45
2 3 518 -177.4600 -72.8400 4 333 -176.5700 -76.7500
9.0888738331e-01 -2.7121838796e-01 -2.4963692905e+00
111 109 115
2 3 519 240.5200 -72.1100 4 218 290.8000 -192.6500
9.3860486777e-01 -2.4410787956e-01 -2.5191135563e+00
156 170 168
2 3 526 246.0700 -64.0500 4 221 304.4300 -182.6000
2.9116632411e-01 -2.2788778449e-01 -2.4849880831e+00
123 199 99
2 3 529 77.8400 -61.1500 4 246 48.5700 -124.7300
8.3969134038e-01 -2.1656765877e-01 -2.4745040933e+00
191 209 209
2 3 530 224.1500 -58.1300 4 227 265.6100 -166.2700
6.5335377767e-01 -1.0076162352e-01 -2.6063368298e+00
173 193 191
2 3 552 165.8600 -26.0000 4 250 196.7900 -99.4600
6.1619059802e-01 -1.3065483551e-03 -2.5889221734e+00
168 184 181
2 3 568 157.4600 -0.7700 4 255 188.4100 -60.6800
4.4249518009e-01 -4.8339754495e-03 -3.4000308141e+00
31 71 6
2 3 573 86.0400 1.3200 4 340 150.9900 -46.8700
5.7169022051e-01 1.4700938910e-01 -2.5056282563e+00
82 75 68
2 3 581 150.9100 38.2900 4 477 178.6500 -1.9500
-4.2429729664e-02 1.8379700173e-01 -2.9109583846e+00
60 82 69
2 3 585 -9.6300 41.0100 4 359 3.2200 31.3900
-2.4299375948e-01 1.0063887960e+00 -3.4061064999e+00
176 175 180
2 3 618 -48.2000 198.1300 4 539 24.4900 219.2100
-4.8457659727e-01 -6.2177200350e-01 -2.6829103411e+00
97 111 121
2 3 658 -118.3100 -153.8700 4 553 -182.0500 -185.2900
-1.5555592152e-01 -5.9774020472e-01 -2.6700244763e+00
57 109 41
2 3 660 -37.5300 -148.5900 4 285 -93.5400 -203.5200
-4.8120722778e-01 -6.0180845073e-01 -2.7542472194e+00
65 84 82
2 3 663 -114.5400 -145.1400 4 559 -168.7200 -175.3700
2.5318659837e-01 -3.0362051949e-01 -2.4862049245e+00
116 181 93
2 3 676 67.8200 -81.3800 4 306 30.5400 -149.4200
2.6465630116e-01 -2.7878210557e-01 -2.4778064766e+00
80 135 54
2 3 679 71.0700 -75.0000 4 312 35.3100 -141.7400
2.7819073484e-01 -2.6495407894e-01 -2.4712867819e+00
80 145 61
2 3 680 74.8100 -71.3100 4 314 40.4000 -138.2100
9.1884601633e-01 -2.2939724579e-01 -2.4956998958e+00
126 129 134
2 3 690 243.1900 -61.0200 4 225 298.0500 -176.7400
9.2230974536e-01 -2.1338082978e-01 -2.5055154870e+00
169 179 180
2 3 695 243.1400 -56.4700 4 226 300.2000 -169.8400
6.5652264113e-01 -1.3080033913e-01 -2.6164022539e+00
191 209 205
2 3 709 165.9800 -33.1600 4 325 196.2800 -110.5500
5.7241281117e-01 1.5519809199e-02 -2.5708491620e+00
198 221 219
2 3 743 147.3200 3.5000 4 338 172.4100 -51.8100
-3.2985622513e-01 3.2236069594e-02 -3.0096733647e+00
13 14 12
2 3 746 -72.5400 6.9700 4 662 -69.0800 -1.6300
-2.8626614359e-01 4.2742722885e-02 -2.9747293432e+00
59 57 58
2 3 749 -63.6700 9.5800 4 665 -61.5300 -0.3300
6.6741229719e-01 1.1827620749e-01 -2.6232168463e+00
178 199 191
2 3 758 168.2800 29.6400 4 465 215.2900 -19.8200
7.0661873430e-01 1.4117844105e-01 -2.5592258479e+00
174 194 192
2 3 763 182.5700 35.9000 4 471 232.1800 -12.8100
7.0661873430e-01 1.4117844105e-01 -2.5592258479e+00
174 194 192
2 3 764 182.5700 35.9000 4 470 232.1800 -12.8100
-2.3964091510e-01 3.0558186539e-01 -3.2008799429e+00
34 134 164
2 3 776 -49.9400 63.9300 4 498 -17.2500 61.7200
3.6329982038e-01 4.0878558635e-01 -2.5687789448e+00
128 207 115
2 3 786 93.6000 104.5700 4 517 117.7900 102.7500
3.3819743578e-01 4.1589180229e-01 -2.5625682160e+00
133 210 116
2 3 787 87.3500 106.6000 4 521 108.8400 106.7200
-1.6038498705e-01 6.3571597934e-01 -3.4891791078e+00
209 107 135
2 3 797 -31.2200 121.9700 4 714 34.6100 126.9400
4.9462405319e-01 4.9629423976e-01 -2.6539325920e+00
137 203 134
2 3 799 123.2800 123.4200 4 270 173.0100 122.5300
5.1113034555e-01 5.2585602475e-01 -2.6637734044e+00
10 32 44
2 3 804 126.9000 130.2600 4 377 180.7600 131.5500
6.2284433091e-01 5.1017827633e-01 -2.5073004864e+00
211 222 220
2 3 808 164.1800 133.4100 4 524 221.0000 135.7100
1.1665065534e-01 8.5517985319e-01 -3.0983863489e+00
162 165 158
2 3 826 24.4000 183.6900 4 743 89.7500 203.6600
1.1665065534e-01 8.5517985319e-01 -3.0983863489e+00
162 165 158
2 3 827 24.4000 183.6900 4 744 89.7500 203.6600
4.4026428804e-01 7.8922655616e-01 -2.7258613404e+00
181 191 184
2 3 829 106.7400 191.7000 4 537 170.8800 216.5400
-5.6522035471e-01 -6.8612582320e-01 -2.6086880874e+00
142 152 151
2 3 863 -141.9700 -174.3000 4 776 -218.7500 -203.6500
-1.4042711201e-01 -6.0664892066e-01 -2.6789110272e+00
102 180 92
2 3 880 -33.7500 -150.0400 4 395 -88.4200 -206.9900
-5.9691203121e-01 -5.6488331027e-01 -2.8471034383e+00
44 70 66
2 3 894 -137.9800 -131.3200 4 580 -180.9900 -153.1300
6.4719689572e-01 -4.5436397789e-01 -2.5777678647e+00
107 131 135
2 3 903 166.2800 -116.8800 4 391 172.0300 -231.1700
2.2985902108e-01 -3.5072441348e-01 -2.4820303044e+00
80 130 49
2 3 922 61.7500 -93.9400 4 413 19.0600 -165.0700
6.3805418662e-01 -3.2763289453e-01 -2.6184173705e+00
55 73 73
2 3 930 161.4000 -83.2600 4 294 177.3800 -180.3600
3.4214591338e-01 -3.1063774342e-01 -2.4904980367e+00
61 107 43
2 3 931 91.2600 -83.1500 4 578 62.5400 -158.9100
3.0789763520e-01 -2.8265308716e-01 -2.4867066688e+00
71 133 50
2 3 933 82.2800 -75.7600 4 419 51.4700 -146.0900
-1.8082661935e-01 -1.8497617389e-01 -2.8922396153e+00
217 222 213
2 3 953 -41.0400 -42.5700 4 629 -53.4000 -69.0300
6.6129722997e-01 -1.1746382641e-01 -2.6124956671e+00
112 118 114
2 3 960 167.4700 -30.0700 4 603 198.8600 -106.0000
6.6129722997e-01 -1.1746382641e-01 -2.6124956671e+00
112 118 114
2 3 961 167.4700 -30.0700 4 604 198.8600 -106.0000
-3.2858393370e-01 -1.0705187908e-01 -3.0036150622e+00
34 36 33
2 3 971 -72.2700 -23.6500 4 883 -75.4600 -39.2500
-2.7799920277e-01 1.4929644342e-01 -2.9290540165e+00
134 95 81
2 3 1012 -62.8200 32.9000 4 674 -59.5600 30.3800
-4.2961036405e-01 3.3445213428e-01 -3.3072386072e+00
135 170 191
2 3 1030 -86.6100 67.7700 4 693 -50.5400 70.8400
5.1133958940e-01 3.4112528543e-01 -2.6832290072e+00
163 212 132
2 3 1037 126.1000 84.0600 4 501 171.1700 65.8300
6.8087424947e-01 3.3587034405e-01 -2.4933783492e+00
219 231 231
2 3 1039 180.5200 88.1200 4 503 234.2200 66.3200
6.8600948494e-01 3.4703177587e-01 -2.4929943453e+00
203 217 218
2 3 1040 181.9000 91.0300 4 692 237.0300 70.5200
7.9493132992e-01 3.5013831231e-01 -2.4697520984e+00
167 179 179
2 3 1042 212.7000 92.7000 4 505 283.7200 67.6600
3.6690387901e-01 3.8356479451e-01 -2.5884594474e+00
94 80 35
2 3 1044 93.7900 97.1300 4 511 118.6900 92.4700
3.4665057923e-02 4.3400339918e-01 -2.3997969784e+00
203 156 172
2 3 1057 9.7800 117.8800 4 992 -12.2400 137.4300
4.4234176571e-01 7.7723372248e-01 -2.7332272155e+00
206 218 214
2 3 1096 106.9600 188.3000 4 533 171.1500 211.6700
4.4234176571e-01 7.7723372248e-01 -2.7332272155e+00
206 218 214
2 3 1097 106.9600 188.3000 4 534 171.1500 211.6700
