# Bundle file v0.3
11 125
0 0 0
0 0 0
0 0 0
0 0 0
0 0 0
0 0 0
0 0 0
0 0 0
0 0 0
0 0 0
0 0 0
0 0 0
0 0 0
0 0 0
0 0 0
6.6080306000e+02 0.0000000000e+00 0.0000000000e+00
1.0000000000e+00 0.0000000000e+00 0.0000000000e+00
0.0000000000e+00 1.0000000000e+00 0.0000000000e+00
0.0000000000e+00 0.0000000000e+00 1.0000000000e+00
-0.0000000000e+00 -0.0000000000e+00 -0.0000000000e+00
6.6080306000e+02 0.0000000000e+00 0.0000000000e+00
9.3981320603e-01 1.6090639221e-01 -3.0143037459e-01
-1.5157780408e-01 9.8695546920e-01 5.4250079547e-02
3.0622754136e-01 -5.2947869212e-03 9.5194362130e-01
-8.5723382355e-01 7.5686010105e-02 5.0933466369e-01
0 0 0
0 0 0
0 0 0
0 0 0
0 0 0
0 0 0
0 0 0
0 0 0
0 0 0
0 0 0
0 0 0
0 0 0
0 0 0
0 0 0
0 0 0
0 0 0
0 0 0
0 0 0
0 0 0
0 0 0
0 0 0
0 0 0
0 0 0
0 0 0
0 0 0
0 0 0
0 0 0
0 0 0
0 0 0
0 0 0
-5.5313221454e-01 6.0226701714e-01 -3.4056189732e+00
135 189 173
2 3 62 -107.3700 116.3400 4 36 -57.6000 129.9000
-3.2222946012e-01 8.0301767752e-02 -2.9992428559e+00
210 207 200
2 3 168 -71.0100 17.9400 4 127 -65.7200 10.9000
-3.5009456018e-01 1.2028096072e-02 -3.0128691327e+00
207 208 202
2 3 410 -76.8400 3.2900 4 475 -74.0400 -6.6500
-2.8851197724e-01 6.6582396245e-01 -3.5503370010e+00
206 94 130
2 3 442 -53.7500 123.4300 4 271 11.0000 130.6700
2.8883139708e-01 7.7609453998e-01 -2.7819321281e+00
208 220 220
2 3 189 68.6100 184.3600 4 104 121.4600 208.0700
-3.4522679634e-01 -8.0567275368e-02 -3.0197756318e+00
23 23 21
2 3 401 -75.5800 -17.3200 4 345 -76.0800 -31.1000
-2.9975981221e-01 -4.9502383695e-02 -2.9794468616e+00
23 22 24
2 3 561 -66.4700 -11.1000 4 460 -67.9800 -24.3200
-2.9975981221e-01 -4.9502383695e-02 -2.9794468616e+00
23 22 24
2 3 560 -66.4700 -11.1000 4 459 -67.9800 -24.3200
-3.1479025335e-01 1.0580043249e-02 -2.9858477132e+00
213 215 209
2 3 409 -69.7000 2.7300 4 355 -68.3900 -7.9700
-2.6767135966e-01 -6.7348086205e-03 -2.9490579075e+00
204 212 204
2 3 570 -60.0000 -1.2700 4 469 -61.3600 -14.1800
7.3707709874e-01 -8.1513128394e-02 -2.5256254339e+00
205 225 223
2 3 305 192.9100 -21.6300 4 172 231.1200 -100.1800
-1.2860133788e-01 4.7155104649e-01 -3.1456210447e+00
190 221 179
2 3 596 -27.0200 98.9900 4 516 12.0300 102.0200
-1.2860133788e-01 4.7155104649e-01 -3.1456210447e+00
190 221 179
2 3 595 -27.0200 98.9900 4 515 12.0300 102.0200
-1.8961503452e-01 -1.8808776602e-01 -2.9134655424e+00
206 212 212
2 3 702 -43.1900 -41.5200 4 628 -53.4000 -69.0300
-3.3443757487e-01 -5.5477999594e-03 -3.0070209722e+00
21 20 22
2 3 572 -73.5100 -1.0400 4 472 -71.6000 -11.5100
-3.1281388377e-01 -1.3314184254e-02 -2.9939901879e+00
26 24 27
2 3 567 -69.0700 -2.6300 4 468 -68.0600 -14.4800
-3.0094708039e-01 -2.8724861680e-04 -2.9770889152e+00
206 205 202
2 3 995 -66.8200 0.1700 4 909 -66.3800 -11.2600
7.3962646263e-01 -5.7381997343e-02 -2.5218528575e+00
74 62 57
2 3 308 193.7700 -14.8500 4 177 233.7500 -91.3800
-2.6369994882e-01 -2.9485305555e-01 -2.9425839835e+00
217 34 24
2 3 681 -59.1800 -66.4100 4 851 -74.0000 -93.2000
7.6083846528e-01 -6.9354615304e-02 -2.4905571398e+00
195 219 214
2 3 400 201.9000 -18.5600 4 251 242.4500 -98.6000
-2.7436467250e-01 1.1755380855e-01 -2.9494105921e+00
71 38 22
2 3 169 -61.4600 26.1300 4 92 -57.4200 20.4900
3.3780700921e-01 8.0047803978e-01 -2.7623241154e+00
215 224 225
2 3 147 80.9000 191.8300 4 75 137.8000 217.0800
-3.7821586854e-01 -1.3765013747e-01 -3.0381247174e+00
212 189 53
2 3 547 -82.2500 -30.0400 4 642 -84.4000 -44.2700
3.8762827330e-01 8.5381448896e-02 -2.8741171119e+00
87 76 19
2 3 314 89.0600 20.4200 4 188 121.2900 -17.7300
-5.9574726635e-01 6.7454996277e-01 -3.4256983811e+00
201 112 134
2 3 1066 -114.8800 130.4800 4 208 -62.1400 144.9800
7.6710841657e-01 -5.1844931089e-02 -2.4933970460e+00
74 65 64
2 3 402 203.3000 -13.7400 4 175 246.2000 -92.0900
7.6710841657e-01 -5.1844931089e-02 -2.4933970460e+00
74 65 64
2 3 403 203.3000 -13.7400 4 176 246.2000 -92.0900
-5.7432605707e-02 5.1905215563e-01 -2.8347351516e+00
192 160 171
2 3 1061 -13.4600 120.3100 4 989 8.1200 132.9800
6.2247859595e-01 4.7965943729e-01 -2.5058491282e+00
225 239 239
2 3 802 164.1100 126.2400 4 373 219.3800 124.9600
4.6600328656e-01 5.4874449479e-01 -2.6675719406e+00
228 243 250
2 3 608 115.4000 135.7100 4 274 165.4300 140.6600
7.8783730999e-01 3.0383835260e-01 -2.5021782134e+00
209 222 219
2 3 592 208.0800 80.5700 4 197 277.6900 48.5100
3.1736311299e-01 7.5150060582e-01 -2.8498892373e+00
93 90 74
2 3 145 73.3100 173.0300 4 59 132.0800 193.3400
3.7810310898e-01 4.5069133745e-02 -2.8762748876e+00
191 232 94
2 3 313 86.8100 10.9400 4 186 116.4100 -29.5700
6.4914252396e-01 -3.0800568476e-01 -2.6321891292e+00
178 204 203
2 3 381 162.8900 -77.0900 4 155 182.7700 -172.9100
6.2101374830e-01 -2.7518782807e-01 -2.6544542052e+00
21 27 28
2 3 297 154.3200 -67.5700 4 231 174.5700 -157.7400
7.3962646263e-01 -5.7381997343e-02 -2.5218528575e+00
74 62 57
2 3 309 193.7700 -14.8500 4 178 233.7500 -91.3800
7.6096304062e-01 2.8335073470e-01 -2.5249818432e+00
210 227 224
2 3 320 199.1600 74.4300 4 131 264.1000 40.7600
6.3259745282e-01 -2.2024711295e-01 -2.6510810943e+00
171 200 199
2 3 531 157.6300 -54.7100 4 239 181.9500 -138.6500
8.1565908528e-01 -1.7811248313e-01 -2.4588566793e+00
193 210 207
2 3 535 219.2800 -48.1300 4 305 259.9600 -149.1300
7.8338364335e-01 -6.0041438689e-02 -2.4867135611e+00
205 225 223
2 3 731 208.1900 -16.0500 4 329 252.8200 -96.8400
4.9251618046e-01 5.2410052498e-01 -2.6649845635e+00
217 234 241
2 3 606 122.1100 129.8700 4 272 173.4400 131.4500
-6.2792136763e-01 -3.8732131051e-01 -3.1094103402e+00
25 70 142
2 3 675 -133.4700 -82.1800 4 614 -143.2300 -95.2200
6.5100850335e-01 -2.2085167870e-01 -2.6368981684e+00
155 173 167
2 3 696 163.1000 -55.1900 4 424 188.6300 -141.0600
5.1233436305e-01 5.2655212077e-01 -2.6672264758e+00
10 32 44
2 3 805 126.9000 130.2600 4 378 180.7600 131.5500
2.2326697199e-01 6.8341997072e-01 -2.8855298832e+00
131 133 125
2 3 814 51.0600 156.1300 4 529 101.1500 170.5300
3.4587695012e-01 7.7818217253e-01 -2.7584734336e+00
198 214 211
2 3 828 82.7600 186.0400 4 388 139.3200 210.7100
4.1442568181e-01 3.5276300194e-01 -2.6388776178e+00
13 14 11
2 3 61 103.7600 88.0700 4 22 135.3300 76.8600
-2.9473453688e-01 -5.2961100590e-01 -2.7630878349e+00
238 245 87
2 3 71 -70.6700 -126.0100 4 41 -115.6400 -165.7700
-5.0768946121e-01 7.4686518592e-01 -3.4962934056e+00
35 22 16
2 3 96 -96.0900 140.0400 4 54 -35.3600 156.2600
6.8738988149e-01 -1.5655076312e-01 -2.6029099332e+00
85 81 74
2 3 114 174.5600 -39.9600 4 62 206.1500 -121.7800
-2.0386526516e-01 -4.1580072121e-01 -2.9465731440e+00
235 41 32
2 3 156 -45.5600 -93.9100 4 82 -63.8400 -129.5100
-8.8850024990e-01 -3.9445849800e-01 -3.2166481648e+00
24 24 23
2 3 158 -182.6200 -80.5200 4 88 -184.0400 -83.2000
6.3612179947e-01 -1.5341313451e-01 -2.6339100340e+00
187 204 201
2 3 161 159.5400 -38.2600 4 63 186.9300 -115.6600
6.6404710696e-01 8.7275770325e-02 -2.6253927598e+00
182 203 200
2 3 229 167.1000 22.4100 4 121 211.5900 -30.3500
6.7262474962e-01 3.2890201580e-01 -2.4957486971e+00
210 223 222
2 3 321 178.1100 87.3400 4 200 230.5900 64.6100
5.2313439435e-01 5.0847579777e-01 -2.6784636828e+00
191 218 225
2 3 328 129.0600 125.4300 4 204 183.7600 123.8700
4.9354832144e-01 5.5248750461e-01 -2.6715137268e+00
48 58 64
2 3 329 122.0700 136.6000 4 140 175.5100 140.6500
-5.4936650131e-01 -5.3762578990e-01 -2.8790185760e+00
175 124 56
2 3 370 -126.1100 -123.3300 4 310 -163.2800 -145.5900
6.9976339625e-01 -1.3756816702e-01 -2.5973946610e+00
77 78 76
2 3 392 178.1900 -35.7100 4 248 212.1200 -115.5800
6.5116043989e-01 -1.3812807386e-01 -2.6281686365e+00
193 212 210
2 3 393 163.6800 -34.5400 4 167 193.4500 -111.4400
6.3725109183e-01 6.8165912299e-02 -2.6257208000e+00
200 218 216
2 3 413 160.3600 17.3000 4 119 200.2500 -35.4600
7.7192782465e-01 3.4440937473e-01 -2.4572098976e+00
209 224 226
2 3 430 207.5900 92.6200 4 202 275.1900 68.4700
-2.2927364175e-01 6.5909322487e-01 -3.5364055408e+00
57 172 203
2 3 440 -42.9000 122.5900 4 376 22.4900 128.7700
4.1200682544e-01 6.1625738411e-01 -2.7517994635e+00
80 57 39
2 3 448 98.9400 148.0000 4 277 152.4900 156.9900
-6.6622731376e-01 -6.5390908263e-01 -2.6705765933e+00
25 26 29
2 3 476 -164.6100 -162.6200 4 223 -231.8800 -180.8400
-1.1877349179e-01 -5.9254059071e-01 -2.7123389989e+00
30 45 16
2 3 485 -28.9200 -144.4100 4 151 -77.3900 -200.2400
-2.6275770712e-01 -5.5734240898e-01 -2.7130980435e+00
165 188 150
2 3 495 -64.1100 -135.3700 4 224 -115.5100 -179.0300
-8.6678587536e-01 -3.6123641829e-01 -3.2309181709e+00
45 45 45
2 3 518 -177.4600 -72.8400 4 333 -176.5700 -76.7500
8.9909038372e-01 -2.6706254993e-01 -2.4730614843e+00
111 109 115
2 3 519 240.5200 -72.1100 4 218 290.8000 -192.6500
9.2738107287e-01 -2.3977077179e-01 -2.4921403365e+00
156 170 168
2 3 526 246.0700 -64.0500 4 221 304.4300 -182.6000
2.9303514431e-01 -2.3165467932e-01 -2.4840676947e+00
123 199 99
2 3 529 77.8400 -61.1500 4 246 48.5700 -124.7300
8.3401196196e-01 -2.1545353094e-01 -2.4595658318e+00
191 209 209
2 3 530 224.1500 -58.1300 4 227 265.6100 -166.2700
6.5485430790e-01 -1.0295455592e-01 -2.6087571268e+00
173 193 191
2 3 552 165.8600 -26.0000 4 250 196.7900 -99.4600
6.1801445084e-01 -3.6253985892e-03 -2.5932335468e+00
168 184 181
2 3 568 157.4600 -0.7700 4 255 188.4100 -60.6800
4.4863992368e-01 -2.1646488190e-03 -3.4374647732e+00
31 71 6
2 3 573 86.0400 1.3200 4 340 150.9900 -46.8700
5.7300777033e-01 1.4452544505e-01 -2.5089060281e+00
82 75 68
2 3 581 150.9100 38.2900 4 477 178.6500 -1.9500
-4.2567696214e-02 1.8443310408e-01 -2.9141529107e+00
60 82 69
2 3 585 -9.6300 41.0100 4 359 3.2200 31.3900
-2.4999690519e-01 1.0258805983e+00 -3.4245795465e+00
176 175 180
2 3 618 -48.2000 198.1300 4 539 24.4900 219.2100
-4.7921352703e-01 -6.2312928848e-01 -2.6764316767e+00
97 111 121
2 3 658 -118.3100 -153.8700 4 553 -182.0500 -185.2900
-1.5119854531e-01 -5.9908869226e-01 -2.6633615770e+00
57 109 41
2 3 660 -37.5300 -148.5900 4 285 -93.5400 -203.5200
-4.7602431280e-01 -6.0319695987e-01 -2.7462750216e+00
65 84 82
2 3 663 -114.5400 -145.1400 4 559 -168.7200 -175.3700
2.5526900971e-01 -3.0710877553e-01 -2.4840755658e+00
116 181 93
2 3 676 67.8200 -81.3800 4 306 30.5400 -149.4200
2.6664999647e-01 -2.8239399861e-01 -2.4759554947e+00
80 135 54
2 3 679 71.0700 -75.0000 4 312 35.3100 -141.7400
2.8012212137e-01 -2.6860854653e-01 -2.4695946155e+00
80 145 61
2 3 680 74.8100 -71.3100 4 314 40.4000 -138.2100
9.0878014238e-01 -2.2599718505e-01 -2.4714638079e+00
126 129 134
2 3 690 243.1900 -61.0200 4 225 298.0500 -176.7400
9.1233840293e-01 -2.1029955650e-01 -2.4811141915e+00
169 179 180
2 3 695 243.1400 -56.4700 4 226 300.2000 -169.8400
6.5797232622e-01 -1.3287983692e-01 -2.6182282886e+00
191 209 205
2 3 709 165.9800 -33.1600 4 325 196.2800 -110.5500
5.7429699325e-01 1.3031589739e-02 -2.5756616724e+00
198 221 219
2 3 743 147.3200 3.5000 4 338 172.4100 -51.8100
-3.2986811457e-01 3.1695359443e-02 -3.0049335495e+00
13 14 12
2 3 746 -72.5400 6.9700 4 662 -69.0800 -1.6300
-2.8613439285e-01 4.2080764172e-02 -2.9704339856e+00
59 57 58
2 3 749 -63.6700 9.5800 4 665 -61.5300 -0.3300
6.6916572278e-01 1.1671413005e-01 -2.6273745523e+00
178 199 191
2 3 758 168.2800 29.6400 4 465 215.2900 -19.8200
7.0722075518e-01 1.3902933919e-01 -2.5597430942e+00
174 194 192
2 3 763 182.5700 35.9000 4 471 232.1800 -12.8100
7.0722075518e-01 1.3902933919e-01 -2.5597430942e+00
174 194 192
2 3 764 182.5700 35.9000 4 470 232.1800 -12.8100
-2.4237512456e-01 3.1027311134e-01 -3.2070928343e+00
34 134 164
2 3 776 -49.9400 63.9300 4 498 -17.2500 61.7200
3.6432643825e-01 4.0812957520e-01 -2.5712668978e+00
128 207 115
2 3 786 93.6000 104.5700 4 517 117.7900 102.7500
3.3913948410e-01 4.1513927195e-01 -2.5645306406e+00
133 210 116
2 3 787 87.3500 106.6000 4 521 108.8400 106.7200
-1.6569119889e-01 6.5143263702e-01 -3.5134722061e+00
209 107 135
2 3 797 -31.2200 121.9700 4 714 34.6100 126.9400
4.9591598634e-01 4.9692652139e-01 -2.6578040117e+00
137 203 134
2 3 799 123.2800 123.4200 4 270 173.0100 122.5300
5.1233436305e-01 5.2655212077e-01 -2.6672264758e+00
10 32 44
2 3 804 126.9000 130.2600 4 377 180.7600 131.5500
6.2223275798e-01 5.0672770492e-01 -2.5034654854e+00
211 222 220
2 3 808 164.1800 133.4100 4 524 221.0000 135.7100
1.1536610463e-01 8.6702844238e-01 -3.1113343891e+00
162 165 158
2 3 826 24.4000 183.6900 4 743 89.7500 203.6600
1.1536610463e-01 8.6702844238e-01 -3.1113343891e+00
162 165 158
2 3 827 24.4000 183.6900 4 744 89.7500 203.6600
4.4038913595e-01 7.9064556578e-01 -2.7272923428e+00
181 191 184
2 3 829 106.7400 191.7000 4 537 170.8800 216.5400
-5.6004976937e-01 -6.8764066411e-01 -2.6068240572e+00
142 152 151
2 3 863 -141.9700 -174.3000 4 776 -218.7500 -203.6500
-1.3609846890e-01 -6.0791130339e-01 -2.6722983199e+00
102 180 92
2 3 880 -33.7500 -150.0400 4 395 -88.4200 -206.9900
-5.9188172717e-01 -5.6636842639e-01 -2.8376745197e+00
44 70 66
2 3 894 -137.9800 -131.3200 4 580 -180.9900 -153.1300
6.4653483019e-01 -4.5321613785e-01 -2.5722666535e+00
107 131 135
2 3 903 166.2800 -116.8800 4 391 172.0300 -231.1700
2.3209944531e-01 -3.5391850789e-01 -2.4791096154e+00
80 130 49
2 3 922 61.7500 -93.9400 4 413 19.0600 -165.0700
6.3880534843e-01 -3.2869000847e-01 -2.6167888445e+00
55 73 73
2 3 930 161.4000 -83.2600 4 294 177.3800 -180.3600
3.4399326586e-01 -3.1391851057e-01 -2.4894214708e+00
61 107 43
2 3 931 91.2600 -83.1500 4 578 62.5400 -158.9100
3.0980715897e-01 -2.8617292794e-01 -2.4854978074e+00
71 133 50
2 3 933 82.2800 -75.7600 4 419 51.4700 -146.0900
-1.7912389115e-01 -1.8735580866e-01 -2.8876173285e+00
217 222 213
2 3 953 -41.0400 -42.5700 4 629 -53.4000 -69.0300
6.6271483875e-01 -1.1955774450e-01 -2.6144486923e+00
112 118 114
2 3 960 167.4700 -30.0700 4 603 198.8600 -106.0000
6.6271483875e-01 -1.1955774450e-01 -2.6144486923e+00
112 118 114
2 3 961 167.4700 -30.0700 4 604 198.8600 -106.0000
-3.2769996282e-01 -1.0850652581e-01 -2.9977294950e+00
34 36 33
2 3 971 -72.2700 -23.6500 4 883 -75.4600 -39.2500
-2.7818820114e-01 1.4907261714e-01 -2.9248795394e+00
134 95 81
2 3 1012 -62.8200 32.9000 4 674 -59.5600 30.3800
-4.3389897711e-01 3.3995312940e-01 -3.3105398201e+00
135 170 191
2 3 1030 -86.6100 67.7700 4 693 -50.5400 70.8400
5.1342563326e-01 3.4175971191e-01 -2.6906604577e+00
163 212 132
2 3 1037 126.1000 84.0600 4 501 171.1700 65.8300
6.8045419872e-01 3.3275233557e-01 -2.4906721173e+00
219 231 231
2 3 1039 180.5200 88.1200 4 503 234.2200 66.3200
6.8543655579e-01 3.4379509948e-01 -2.4898013916e+00
203 217 218
2 3 1040 181.9000 91.0300 4 692 237.0300 70.5200
7.9114640098e-01 3.4484984841e-01 -2.4578695382e+00
167 179 179
2 3 1042 212.7000 92.7000 4 505 283.7200 67.6600
3.6805483936e-01 3.8314432477e-01 -2.5919295173e+00
94 80 35
2 3 1044 93.7900 97.1300 4 511 118.6900 92.4700
3.5727821114e-02 4.2987465154e-01 -2.3937748728e+00
203 156 172
2 3 1057 9.7800 117.8800 4 992 -12.2400 137.4300
4.4257830197e-01 7.7890860325e-01 -2.7350326495e+00
206 218 214
2 3 1096 106.9600 188.3000 4 533 171.1500 211.6700
4.4257830197e-01 7.7890860325e-01 -2.7350326495e+00
206 218 214
2 3 1097 106.9600 188.3000 4 534 171.1500 211.6700
